[debug] [2021-02-20T05:40:53.002Z] ----------------------------------------------------------------------
[debug] [2021-02-20T05:40:53.005Z] Command:       /usr/local/bin/node /usr/local/bin/firebase init
[debug] [2021-02-20T05:40:53.005Z] CLI Version:   9.4.0
[debug] [2021-02-20T05:40:53.005Z] Platform:      darwin
[debug] [2021-02-20T05:40:53.006Z] Node Version:  v12.18.4
[debug] [2021-02-20T05:40:53.007Z] Time:          Fri Feb 19 2021 23:40:53 GMT-0600 (Central Standard Time)
[debug] [2021-02-20T05:40:53.007Z] ----------------------------------------------------------------------
[debug] [2021-02-20T05:40:53.007Z] 
[debug] [2021-02-20T05:40:53.013Z] > command requires scopes: ["email","openid","https://www.googleapis.com/auth/cloudplatformprojects.readonly","https://www.googleapis.com/auth/firebase","https://www.googleapis.com/auth/cloud-platform"]
[debug] [2021-02-20T05:40:53.014Z] > authorizing via signed-in user
[info] 
     ######## #### ########  ######## ########     ###     ######  ########
     ##        ##  ##     ## ##       ##     ##  ##   ##  ##       ##
     ######    ##  ########  ######   ########  #########  ######  ######
     ##        ##  ##    ##  ##       ##     ## ##     ##       ## ##
     ##       #### ##     ## ######## ########  ##     ##  ######  ########

You're about to initialize a Firebase project in this directory:

  /Users/aidanakhankeldieva/Desktop/webprojects/my-netflix-clone

[info] 
=== Project Setup
[info] 
[info] First, let's associate this project directory with a Firebase project.
[info] You can create multiple project aliases by running firebase use --add, 
[info] but for now we'll just set up a default project.
[info] 
[debug] [2021-02-20T05:41:07.498Z] >>> [apiv2][query] GET https://firebase.googleapis.com/v1beta1/projects pageSize=100
[debug] [2021-02-20T05:41:08.199Z] <<< [apiv2][status] GET https://firebase.googleapis.com/v1beta1/projects 200
[debug] [2021-02-20T05:41:08.200Z] <<< [apiv2][body] GET https://firebase.googleapis.com/v1beta1/projects [omitted]
[info] i  Using project my-netflix-clone-dcbe7 (my-netflix-clone) 
[info] 
=== Hosting Setup
[info] 
[info] Your public directory is the folder (relative to your project directory) that
[info] will contain Hosting assets to be uploaded with firebase deploy. If you
[info] have a build process for your assets, use your build's output directory.
[info] 
[debug] [2021-02-20T05:44:52.538Z] >>> [apiv2][query] GET https://www.gstatic.com/firebasejs/releases.json [none]
[debug] [2021-02-20T05:44:56.018Z] <<< [apiv2][status] GET https://www.gstatic.com/firebasejs/releases.json 200
[debug] [2021-02-20T05:44:56.019Z] <<< [apiv2][body] GET https://www.gstatic.com/firebasejs/releases.json {"current":{"version":"8.2.9","browserURL":"https://www.gstatic.com/firebasejs/8.2.9/firebase.js","packageURL":"https://www.gstatic.com/firebasejs/8.2.9/firebase.tgz"},"live":{"version":"8.2","browserURL":"https://www.gstatic.com/firebasejs/live/8.2/firebase.js","packageURL":"https://www.gstatic.com/firebasejs/live/8.2/firebase.tgz"},"components":{"analytics":"https://www.gstatic.com/firebasejs/8.2.9/firebase-analytics.js","app":"https://www.gstatic.com/firebasejs/8.2.9/firebase-app.js","auth":"https://www.gstatic.com/firebasejs/8.2.9/firebase-auth.js","database":"https://www.gstatic.com/firebasejs/8.2.9/firebase-database.js","firestore":"https://www.gstatic.com/firebasejs/8.2.9/firebase-firestore.js","functions":"https://www.gstatic.com/firebasejs/8.2.9/firebase-functions.js","installations":"https://www.gstatic.com/firebasejs/8.2.9/firebase-installations.js","messaging":"https://www.gstatic.com/firebasejs/8.2.9/firebase-messaging.js","storage":"https://www.gstatic.com/firebasejs/8.2.9/firebase-storage.js","performance":"https://www.gstatic.com/firebasejs/8.2.9/firebase-performance.js","remote-config":"https://www.gstatic.com/firebasejs/8.2.9/firebase-remote-config.js","firestore.memory":"https://www.gstatic.com/firebasejs/8.2.9/firebase-firestore.memory.js"}}
[info] ✔  Wrote build/index.html 
[info] 
[info] i  Detected a .git folder at /Users/aidanakhankeldieva/Desktop/webprojects/my-netflix-clone 
[info] i  Authorizing with GitHub to upload your service account to a GitHub repository's secrets store. 
[info] 
[info] Visit this URL on this device to log in:
[info] https://github.com/login/oauth/authorize?client_id=89cf50f02ac6aaed3484&state=795945722&redirect_uri=http%3A%2F%2Flocalhost%3A9005&scope=read%3Auser%20repo%20public_repo
[info] 
[info] Waiting for authentication...
[debug] [2021-02-20T05:45:56.135Z] ----------------------------------------------------------------------
[debug] [2021-02-20T05:45:56.137Z] Command:       /usr/local/bin/node /usr/local/bin/firebase init
[debug] [2021-02-20T05:45:56.138Z] CLI Version:   9.4.0
[debug] [2021-02-20T05:45:56.138Z] Platform:      darwin
[debug] [2021-02-20T05:45:56.138Z] Node Version:  v12.18.4
[debug] [2021-02-20T05:45:56.139Z] Time:          Fri Feb 19 2021 23:45:56 GMT-0600 (Central Standard Time)
[debug] [2021-02-20T05:45:56.139Z] ----------------------------------------------------------------------
[debug] [2021-02-20T05:45:56.139Z] 
[debug] [2021-02-20T05:45:56.145Z] > command requires scopes: ["email","openid","https://www.googleapis.com/auth/cloudplatformprojects.readonly","https://www.googleapis.com/auth/firebase","https://www.googleapis.com/auth/cloud-platform"]
[debug] [2021-02-20T05:45:56.145Z] > authorizing via signed-in user
[info] 
     ######## #### ########  ######## ########     ###     ######  ########
     ##        ##  ##     ## ##       ##     ##  ##   ##  ##       ##
     ######    ##  ########  ######   ########  #########  ######  ######
     ##        ##  ##    ##  ##       ##     ## ##     ##       ## ##
     ##       #### ##     ## ######## ########  ##     ##  ######  ########

You're about to initialize a Firebase project in this directory:

  /Users/aidanakhankeldieva/Desktop/webprojects/my-netflix-clone

[info] 
=== Project Setup
[info] 
[info] First, let's associate this project directory with a Firebase project.
[info] You can create multiple project aliases by running firebase use --add, 
[info] but for now we'll just set up a default project.
[info] 
